CRITICAL - 2024-07-31 01:55:23 --> Error: Call to undefined method App\Controllers\PlanesController::request()
[Method: POST, Route: guardar_plan]
in APPPATH\Controllers\PlanesController.php on line 20.
 1 SYSTEMPATH\CodeIgniter.php(933): App\Controllers\PlanesController->guardarPlan()
 2 SYSTEMPATH\CodeIgniter.php(509): CodeIgniter\CodeIgniter->runController(Object(App\Controllers\PlanesController))
 3 SYSTEMPATH\CodeIgniter.php(355): CodeIgniter\CodeIgniter->handleRequest(null, Object(Config\Cache), false)
 4 SYSTEMPATH\Boot.php(325): CodeIgniter\CodeIgniter->run()
 5 SYSTEMPATH\Boot.php(67): CodeIgniter\Boot::runCodeIgniter(Object(CodeIgniter\CodeIgniter))
 6 FCPATH\index.php(56): CodeIgniter\Boot::bootWeb(Object(Config\Paths))
CRITICAL - 2024-07-31 01:56:09 --> Error: Call to undefined method CodeIgniter\HTTP\IncomingRequest::post()
[Method: POST, Route: guardar_plan]
in APPPATH\Controllers\PlanesController.php on line 20.
 1 SYSTEMPATH\CodeIgniter.php(933): App\Controllers\PlanesController->guardarPlan()
 2 SYSTEMPATH\CodeIgniter.php(509): CodeIgniter\CodeIgniter->runController(Object(App\Controllers\PlanesController))
 3 SYSTEMPATH\CodeIgniter.php(355): CodeIgniter\CodeIgniter->handleRequest(null, Object(Config\Cache), false)
 4 SYSTEMPATH\Boot.php(325): CodeIgniter\CodeIgniter->run()
 5 SYSTEMPATH\Boot.php(67): CodeIgniter\Boot::runCodeIgniter(Object(CodeIgniter\CodeIgniter))
 6 FCPATH\index.php(56): CodeIgniter\Boot::bootWeb(Object(Config\Paths))
ERROR - 2024-07-31 02:08:00 --> mysqli_sql_exception: Duplicate entry '7' for key 'PRIMARY' in C:\xampp\htdocs\proyectos\ci4_telefonia\system\Database\MySQLi\Connection.php:312
Stack trace:
#0 C:\xampp\htdocs\proyectos\ci4_telefonia\system\Database\MySQLi\Connection.php(312): mysqli->query('INSERT INTO `pl...', 0)
#1 C:\xampp\htdocs\proyectos\ci4_telefonia\system\Database\BaseConnection.php(734): CodeIgniter\Database\MySQLi\Connection->execute('INSERT INTO `pl...')
#2 C:\xampp\htdocs\proyectos\ci4_telefonia\system\Database\BaseConnection.php(648): CodeIgniter\Database\BaseConnection->simpleQuery('INSERT INTO `pl...')
#3 C:\xampp\htdocs\proyectos\ci4_telefonia\system\Database\BaseBuilder.php(2332): CodeIgniter\Database\BaseConnection->query('INSERT INTO `pl...', Array, false)
#4 C:\xampp\htdocs\proyectos\ci4_telefonia\system\Model.php(394): CodeIgniter\Database\BaseBuilder->insert()
#5 C:\xampp\htdocs\proyectos\ci4_telefonia\system\BaseModel.php(840): CodeIgniter\Model->doInsert(Array)
#6 C:\xampp\htdocs\proyectos\ci4_telefonia\system\Model.php(802): CodeIgniter\BaseModel->insert(Array, true)
#7 C:\xampp\htdocs\proyectos\ci4_telefonia\app\Controllers\PlanesController.php(31): CodeIgniter\Model->insert(Array)
#8 C:\xampp\htdocs\proyectos\ci4_telefonia\system\CodeIgniter.php(933): App\Controllers\PlanesController->guardarPlan()
#9 C:\xampp\htdocs\proyectos\ci4_telefonia\system\CodeIgniter.php(509): CodeIgniter\CodeIgniter->runController(Object(App\Controllers\PlanesController))
#10 C:\xampp\htdocs\proyectos\ci4_telefonia\system\CodeIgniter.php(355): CodeIgniter\CodeIgniter->handleRequest(NULL, Object(Config\Cache), false)
#11 C:\xampp\htdocs\proyectos\ci4_telefonia\system\Boot.php(325): CodeIgniter\CodeIgniter->run()
#12 C:\xampp\htdocs\proyectos\ci4_telefonia\system\Boot.php(67): CodeIgniter\Boot::runCodeIgniter(Object(CodeIgniter\CodeIgniter))
#13 C:\xampp\htdocs\proyectos\ci4_telefonia\public\index.php(56): CodeIgniter\Boot::bootWeb(Object(Config\Paths))
#14 {main}
CRITICAL - 2024-07-31 02:08:00 --> CodeIgniter\Database\Exceptions\DatabaseException: Duplicate entry '7' for key 'PRIMARY'
[Method: POST, Route: guardar_plan]
in SYSTEMPATH\Database\BaseConnection.php on line 688.
 1 SYSTEMPATH\Database\BaseBuilder.php(2332): CodeIgniter\Database\BaseConnection->query('INSERT INTO `planes` (`plan_id`, `nombre`, `pago_mensual`, `cantidad_minutos`, `cantidad_mensajes`) VALUES (:plan_id:, :nombre:, :pago_mensual:, :cantidad_minutos:, :cantidad_mensajes:)', [...], false)
 2 SYSTEMPATH\Model.php(394): CodeIgniter\Database\BaseBuilder->insert()
 3 SYSTEMPATH\BaseModel.php(840): CodeIgniter\Model->doInsert([...])
 4 SYSTEMPATH\Model.php(802): CodeIgniter\BaseModel->insert([...], true)
 5 APPPATH\Controllers\PlanesController.php(31): CodeIgniter\Model->insert([...])
 6 SYSTEMPATH\CodeIgniter.php(933): App\Controllers\PlanesController->guardarPlan()
 7 SYSTEMPATH\CodeIgniter.php(509): CodeIgniter\CodeIgniter->runController(Object(App\Controllers\PlanesController))
 8 SYSTEMPATH\CodeIgniter.php(355): CodeIgniter\CodeIgniter->handleRequest(null, Object(Config\Cache), false)
 9 SYSTEMPATH\Boot.php(325): CodeIgniter\CodeIgniter->run()
10 SYSTEMPATH\Boot.php(67): CodeIgniter\Boot::runCodeIgniter(Object(CodeIgniter\CodeIgniter))
11 FCPATH\index.php(56): CodeIgniter\Boot::bootWeb(Object(Config\Paths))
CRITICAL - 2024-07-31 02:08:00 --> [Caused by] CodeIgniter\Database\Exceptions\DatabaseException: Duplicate entry '7' for key 'PRIMARY'
in SYSTEMPATH\Database\MySQLi\Connection.php on line 317.
 1 SYSTEMPATH\Database\BaseConnection.php(734): CodeIgniter\Database\MySQLi\Connection->execute('INSERT INTO `planes` (`plan_id`, `nombre`, `pago_mensual`, `cantidad_minutos`, `cantidad_mensajes`) VALUES (\'7\', \'prueba\', \'2999\', \'27\', \'23\')')
 2 SYSTEMPATH\Database\BaseConnection.php(648): CodeIgniter\Database\BaseConnection->simpleQuery('INSERT INTO `planes` (`plan_id`, `nombre`, `pago_mensual`, `cantidad_minutos`, `cantidad_mensajes`) VALUES (\'7\', \'prueba\', \'2999\', \'27\', \'23\')')
 3 SYSTEMPATH\Database\BaseBuilder.php(2332): CodeIgniter\Database\BaseConnection->query('INSERT INTO `planes` (`plan_id`, `nombre`, `pago_mensual`, `cantidad_minutos`, `cantidad_mensajes`) VALUES (:plan_id:, :nombre:, :pago_mensual:, :cantidad_minutos:, :cantidad_mensajes:)', [...], false)
 4 SYSTEMPATH\Model.php(394): CodeIgniter\Database\BaseBuilder->insert()
 5 SYSTEMPATH\BaseModel.php(840): CodeIgniter\Model->doInsert([...])
 6 SYSTEMPATH\Model.php(802): CodeIgniter\BaseModel->insert([...], true)
 7 APPPATH\Controllers\PlanesController.php(31): CodeIgniter\Model->insert([...])
 8 SYSTEMPATH\CodeIgniter.php(933): App\Controllers\PlanesController->guardarPlan()
 9 SYSTEMPATH\CodeIgniter.php(509): CodeIgniter\CodeIgniter->runController(Object(App\Controllers\PlanesController))
10 SYSTEMPATH\CodeIgniter.php(355): CodeIgniter\CodeIgniter->handleRequest(null, Object(Config\Cache), false)
11 SYSTEMPATH\Boot.php(325): CodeIgniter\CodeIgniter->run()
12 SYSTEMPATH\Boot.php(67): CodeIgniter\Boot::runCodeIgniter(Object(CodeIgniter\CodeIgniter))
13 FCPATH\index.php(56): CodeIgniter\Boot::bootWeb(Object(Config\Paths))
CRITICAL - 2024-07-31 02:08:00 --> [Caused by] mysqli_sql_exception: Duplicate entry '7' for key 'PRIMARY'
in SYSTEMPATH\Database\MySQLi\Connection.php on line 312.
 1 SYSTEMPATH\Database\MySQLi\Connection.php(312): mysqli->query('INSERT INTO `planes` (`plan_id`, `nombre`, `pago_mensual`, `cantidad_minutos`, `cantidad_mensajes`) VALUES (\'7\', \'prueba\', \'2999\', \'27\', \'23\')', 0)
 2 SYSTEMPATH\Database\BaseConnection.php(734): CodeIgniter\Database\MySQLi\Connection->execute('INSERT INTO `planes` (`plan_id`, `nombre`, `pago_mensual`, `cantidad_minutos`, `cantidad_mensajes`) VALUES (\'7\', \'prueba\', \'2999\', \'27\', \'23\')')
 3 SYSTEMPATH\Database\BaseConnection.php(648): CodeIgniter\Database\BaseConnection->simpleQuery('INSERT INTO `planes` (`plan_id`, `nombre`, `pago_mensual`, `cantidad_minutos`, `cantidad_mensajes`) VALUES (\'7\', \'prueba\', \'2999\', \'27\', \'23\')')
 4 SYSTEMPATH\Database\BaseBuilder.php(2332): CodeIgniter\Database\BaseConnection->query('INSERT INTO `planes` (`plan_id`, `nombre`, `pago_mensual`, `cantidad_minutos`, `cantidad_mensajes`) VALUES (:plan_id:, :nombre:, :pago_mensual:, :cantidad_minutos:, :cantidad_mensajes:)', [...], false)
 5 SYSTEMPATH\Model.php(394): CodeIgniter\Database\BaseBuilder->insert()
 6 SYSTEMPATH\BaseModel.php(840): CodeIgniter\Model->doInsert([...])
 7 SYSTEMPATH\Model.php(802): CodeIgniter\BaseModel->insert([...], true)
 8 APPPATH\Controllers\PlanesController.php(31): CodeIgniter\Model->insert([...])
 9 SYSTEMPATH\CodeIgniter.php(933): App\Controllers\PlanesController->guardarPlan()
10 SYSTEMPATH\CodeIgniter.php(509): CodeIgniter\CodeIgniter->runController(Object(App\Controllers\PlanesController))
11 SYSTEMPATH\CodeIgniter.php(355): CodeIgniter\CodeIgniter->handleRequest(null, Object(Config\Cache), false)
12 SYSTEMPATH\Boot.php(325): CodeIgniter\CodeIgniter->run()
13 SYSTEMPATH\Boot.php(67): CodeIgniter\Boot::runCodeIgniter(Object(CodeIgniter\CodeIgniter))
14 FCPATH\index.php(56): CodeIgniter\Boot::bootWeb(Object(Config\Paths))
CRITICAL - 2024-07-31 02:12:38 --> ArgumentCountError: Too few arguments to function CodeIgniter\Router\RouteCollection::view(), 1 passed in C:\xampp\htdocs\proyectos\ci4_telefonia\app\Config\Routes.php on line 14 and at least 2 expected
[Method: GET, Route: /]
in SYSTEMPATH\Router\RouteCollection.php on line 1146.
 1 APPPATH\Config\Routes.php(14): CodeIgniter\Router\RouteCollection->view('form_nuevo_cliente')
 2 SYSTEMPATH\Router\RouteCollection.php(340): require('C:\\xampp\\htdocs\\proyectos\\ci4_telefonia\\app\\Config\\Routes.php')
 3 SYSTEMPATH\CodeIgniter.php(823): CodeIgniter\Router\RouteCollection->loadRoutes()
 4 SYSTEMPATH\CodeIgniter.php(457): CodeIgniter\CodeIgniter->tryToRouteIt(null)
 5 SYSTEMPATH\CodeIgniter.php(355): CodeIgniter\CodeIgniter->handleRequest(null, Object(Config\Cache), false)
 6 SYSTEMPATH\Boot.php(325): CodeIgniter\CodeIgniter->run()
 7 SYSTEMPATH\Boot.php(67): CodeIgniter\Boot::runCodeIgniter(Object(CodeIgniter\CodeIgniter))
 8 FCPATH\index.php(56): CodeIgniter\Boot::bootWeb(Object(Config\Paths))
CRITICAL - 2024-07-31 02:12:38 --> ArgumentCountError: Too few arguments to function CodeIgniter\Router\RouteCollection::view(), 1 passed in C:\xampp\htdocs\proyectos\ci4_telefonia\app\Config\Routes.php on line 14 and at least 2 expected
[Method: GET, Route: /]
in SYSTEMPATH\Router\RouteCollection.php on line 1146.
 1 APPPATH\Config\Routes.php(14): CodeIgniter\Router\RouteCollection->view('form_nuevo_cliente')
 2 SYSTEMPATH\Router\RouteCollection.php(340): require('C:\\xampp\\htdocs\\proyectos\\ci4_telefonia\\app\\Config\\Routes.php')
 3 SYSTEMPATH\CodeIgniter.php(823): CodeIgniter\Router\RouteCollection->loadRoutes()
 4 SYSTEMPATH\CodeIgniter.php(457): CodeIgniter\CodeIgniter->tryToRouteIt(null)
 5 SYSTEMPATH\CodeIgniter.php(355): CodeIgniter\CodeIgniter->handleRequest(null, Object(Config\Cache), false)
 6 SYSTEMPATH\Boot.php(325): CodeIgniter\CodeIgniter->run()
 7 SYSTEMPATH\Boot.php(67): CodeIgniter\Boot::runCodeIgniter(Object(CodeIgniter\CodeIgniter))
 8 FCPATH\index.php(56): CodeIgniter\Boot::bootWeb(Object(Config\Paths))
CRITICAL - 2024-07-31 02:13:51 --> Error: Call to undefined method CodeIgniter\Router\RouteCollection::views()
[Method: GET, Route: /]
in APPPATH\Config\Routes.php on line 14.
 1 SYSTEMPATH\Router\RouteCollection.php(340): require()
 2 SYSTEMPATH\CodeIgniter.php(823): CodeIgniter\Router\RouteCollection->loadRoutes()
 3 SYSTEMPATH\CodeIgniter.php(457): CodeIgniter\CodeIgniter->tryToRouteIt(null)
 4 SYSTEMPATH\CodeIgniter.php(355): CodeIgniter\CodeIgniter->handleRequest(null, Object(Config\Cache), false)
 5 SYSTEMPATH\Boot.php(325): CodeIgniter\CodeIgniter->run()
 6 SYSTEMPATH\Boot.php(67): CodeIgniter\Boot::runCodeIgniter(Object(CodeIgniter\CodeIgniter))
 7 FCPATH\index.php(56): CodeIgniter\Boot::bootWeb(Object(Config\Paths))
ERROR - 2024-07-31 02:24:37 --> mysqli_sql_exception: Duplicate entry '9' for key 'PRIMARY' in C:\xampp\htdocs\proyectos\ci4_telefonia\system\Database\MySQLi\Connection.php:312
Stack trace:
#0 C:\xampp\htdocs\proyectos\ci4_telefonia\system\Database\MySQLi\Connection.php(312): mysqli->query('INSERT INTO `cl...', 0)
#1 C:\xampp\htdocs\proyectos\ci4_telefonia\system\Database\BaseConnection.php(734): CodeIgniter\Database\MySQLi\Connection->execute('INSERT INTO `cl...')
#2 C:\xampp\htdocs\proyectos\ci4_telefonia\system\Database\BaseConnection.php(648): CodeIgniter\Database\BaseConnection->simpleQuery('INSERT INTO `cl...')
#3 C:\xampp\htdocs\proyectos\ci4_telefonia\system\Database\BaseBuilder.php(2332): CodeIgniter\Database\BaseConnection->query('INSERT INTO `cl...', Array, false)
#4 C:\xampp\htdocs\proyectos\ci4_telefonia\system\Model.php(394): CodeIgniter\Database\BaseBuilder->insert()
#5 C:\xampp\htdocs\proyectos\ci4_telefonia\system\BaseModel.php(840): CodeIgniter\Model->doInsert(Array)
#6 C:\xampp\htdocs\proyectos\ci4_telefonia\system\Model.php(802): CodeIgniter\BaseModel->insert(Array, true)
#7 C:\xampp\htdocs\proyectos\ci4_telefonia\app\Controllers\ClientesController.php(26): CodeIgniter\Model->insert(Array)
#8 C:\xampp\htdocs\proyectos\ci4_telefonia\system\CodeIgniter.php(933): App\Controllers\ClientesController->guardarCliente()
#9 C:\xampp\htdocs\proyectos\ci4_telefonia\system\CodeIgniter.php(509): CodeIgniter\CodeIgniter->runController(Object(App\Controllers\ClientesController))
#10 C:\xampp\htdocs\proyectos\ci4_telefonia\system\CodeIgniter.php(355): CodeIgniter\CodeIgniter->handleRequest(NULL, Object(Config\Cache), false)
#11 C:\xampp\htdocs\proyectos\ci4_telefonia\system\Boot.php(325): CodeIgniter\CodeIgniter->run()
#12 C:\xampp\htdocs\proyectos\ci4_telefonia\system\Boot.php(67): CodeIgniter\Boot::runCodeIgniter(Object(CodeIgniter\CodeIgniter))
#13 C:\xampp\htdocs\proyectos\ci4_telefonia\public\index.php(56): CodeIgniter\Boot::bootWeb(Object(Config\Paths))
#14 {main}
CRITICAL - 2024-07-31 02:24:37 --> CodeIgniter\Database\Exceptions\DatabaseException: Duplicate entry '9' for key 'PRIMARY'
[Method: POST, Route: guardar_cliente]
in SYSTEMPATH\Database\BaseConnection.php on line 688.
 1 SYSTEMPATH\Database\BaseBuilder.php(2332): CodeIgniter\Database\BaseConnection->query('INSERT INTO `clientes` (`cliente_id`, `apellido`, `nombre`, `correo_electronico`, `calle_avenida`, `no_casa`, `zona`) VALUES (:cliente_id:, :apellido:, :nombre:, :correo_electronico:, :calle_avenida:, :no_casa:, :zona:)', [...], false)
 2 SYSTEMPATH\Model.php(394): CodeIgniter\Database\BaseBuilder->insert()
 3 SYSTEMPATH\BaseModel.php(840): CodeIgniter\Model->doInsert([...])
 4 SYSTEMPATH\Model.php(802): CodeIgniter\BaseModel->insert([...], true)
 5 APPPATH\Controllers\ClientesController.php(26): CodeIgniter\Model->insert([...])
 6 SYSTEMPATH\CodeIgniter.php(933): App\Controllers\ClientesController->guardarCliente()
 7 SYSTEMPATH\CodeIgniter.php(509): CodeIgniter\CodeIgniter->runController(Object(App\Controllers\ClientesController))
 8 SYSTEMPATH\CodeIgniter.php(355): CodeIgniter\CodeIgniter->handleRequest(null, Object(Config\Cache), false)
 9 SYSTEMPATH\Boot.php(325): CodeIgniter\CodeIgniter->run()
10 SYSTEMPATH\Boot.php(67): CodeIgniter\Boot::runCodeIgniter(Object(CodeIgniter\CodeIgniter))
11 FCPATH\index.php(56): CodeIgniter\Boot::bootWeb(Object(Config\Paths))
CRITICAL - 2024-07-31 02:24:37 --> [Caused by] CodeIgniter\Database\Exceptions\DatabaseException: Duplicate entry '9' for key 'PRIMARY'
in SYSTEMPATH\Database\MySQLi\Connection.php on line 317.
 1 SYSTEMPATH\Database\BaseConnection.php(734): CodeIgniter\Database\MySQLi\Connection->execute('INSERT INTO `clientes` (`cliente_id`, `apellido`, `nombre`, `correo_electronico`, `calle_avenida`, `no_casa`, `zona`) VALUES (\'9\', \'b\', \'a\', \'nuevo@mail.com\', \'1 calle\', \'5-78\', \'1\')')
 2 SYSTEMPATH\Database\BaseConnection.php(648): CodeIgniter\Database\BaseConnection->simpleQuery('INSERT INTO `clientes` (`cliente_id`, `apellido`, `nombre`, `correo_electronico`, `calle_avenida`, `no_casa`, `zona`) VALUES (\'9\', \'b\', \'a\', \'nuevo@mail.com\', \'1 calle\', \'5-78\', \'1\')')
 3 SYSTEMPATH\Database\BaseBuilder.php(2332): CodeIgniter\Database\BaseConnection->query('INSERT INTO `clientes` (`cliente_id`, `apellido`, `nombre`, `correo_electronico`, `calle_avenida`, `no_casa`, `zona`) VALUES (:cliente_id:, :apellido:, :nombre:, :correo_electronico:, :calle_avenida:, :no_casa:, :zona:)', [...], false)
 4 SYSTEMPATH\Model.php(394): CodeIgniter\Database\BaseBuilder->insert()
 5 SYSTEMPATH\BaseModel.php(840): CodeIgniter\Model->doInsert([...])
 6 SYSTEMPATH\Model.php(802): CodeIgniter\BaseModel->insert([...], true)
 7 APPPATH\Controllers\ClientesController.php(26): CodeIgniter\Model->insert([...])
 8 SYSTEMPATH\CodeIgniter.php(933): App\Controllers\ClientesController->guardarCliente()
 9 SYSTEMPATH\CodeIgniter.php(509): CodeIgniter\CodeIgniter->runController(Object(App\Controllers\ClientesController))
10 SYSTEMPATH\CodeIgniter.php(355): CodeIgniter\CodeIgniter->handleRequest(null, Object(Config\Cache), false)
11 SYSTEMPATH\Boot.php(325): CodeIgniter\CodeIgniter->run()
12 SYSTEMPATH\Boot.php(67): CodeIgniter\Boot::runCodeIgniter(Object(CodeIgniter\CodeIgniter))
13 FCPATH\index.php(56): CodeIgniter\Boot::bootWeb(Object(Config\Paths))
CRITICAL - 2024-07-31 02:24:37 --> [Caused by] mysqli_sql_exception: Duplicate entry '9' for key 'PRIMARY'
in SYSTEMPATH\Database\MySQLi\Connection.php on line 312.
 1 SYSTEMPATH\Database\MySQLi\Connection.php(312): mysqli->query('INSERT INTO `clientes` (`cliente_id`, `apellido`, `nombre`, `correo_electronico`, `calle_avenida`, `no_casa`, `zona`) VALUES (\'9\', \'b\', \'a\', \'nuevo@mail.com\', \'1 calle\', \'5-78\', \'1\')', 0)
 2 SYSTEMPATH\Database\BaseConnection.php(734): CodeIgniter\Database\MySQLi\Connection->execute('INSERT INTO `clientes` (`cliente_id`, `apellido`, `nombre`, `correo_electronico`, `calle_avenida`, `no_casa`, `zona`) VALUES (\'9\', \'b\', \'a\', \'nuevo@mail.com\', \'1 calle\', \'5-78\', \'1\')')
 3 SYSTEMPATH\Database\BaseConnection.php(648): CodeIgniter\Database\BaseConnection->simpleQuery('INSERT INTO `clientes` (`cliente_id`, `apellido`, `nombre`, `correo_electronico`, `calle_avenida`, `no_casa`, `zona`) VALUES (\'9\', \'b\', \'a\', \'nuevo@mail.com\', \'1 calle\', \'5-78\', \'1\')')
 4 SYSTEMPATH\Database\BaseBuilder.php(2332): CodeIgniter\Database\BaseConnection->query('INSERT INTO `clientes` (`cliente_id`, `apellido`, `nombre`, `correo_electronico`, `calle_avenida`, `no_casa`, `zona`) VALUES (:cliente_id:, :apellido:, :nombre:, :correo_electronico:, :calle_avenida:, :no_casa:, :zona:)', [...], false)
 5 SYSTEMPATH\Model.php(394): CodeIgniter\Database\BaseBuilder->insert()
 6 SYSTEMPATH\BaseModel.php(840): CodeIgniter\Model->doInsert([...])
 7 SYSTEMPATH\Model.php(802): CodeIgniter\BaseModel->insert([...], true)
 8 APPPATH\Controllers\ClientesController.php(26): CodeIgniter\Model->insert([...])
 9 SYSTEMPATH\CodeIgniter.php(933): App\Controllers\ClientesController->guardarCliente()
10 SYSTEMPATH\CodeIgniter.php(509): CodeIgniter\CodeIgniter->runController(Object(App\Controllers\ClientesController))
11 SYSTEMPATH\CodeIgniter.php(355): CodeIgniter\CodeIgniter->handleRequest(null, Object(Config\Cache), false)
12 SYSTEMPATH\Boot.php(325): CodeIgniter\CodeIgniter->run()
13 SYSTEMPATH\Boot.php(67): CodeIgniter\Boot::runCodeIgniter(Object(CodeIgniter\CodeIgniter))
14 FCPATH\index.php(56): CodeIgniter\Boot::bootWeb(Object(Config\Paths))
CRITICAL - 2024-07-31 23:30:55 --> ParseError: syntax error, unexpected token "}"
[Method: GET, Route: ver_clientes]
in APPPATH\Controllers\ClientesController.php on line 36.
 1 SYSTEMPATH\Autoloader\Autoloader.php(296): CodeIgniter\Autoloader\Autoloader->includeFile('C:\\xampp\\htdocs\\proyectos\\ci4_telefonia\\app\\Controllers\\ClientesController.php')
 2 SYSTEMPATH\Autoloader\Autoloader.php(272): CodeIgniter\Autoloader\Autoloader->loadInNamespace('App\\Controllers\\ClientesController')
 3 [internal function]: CodeIgniter\Autoloader\Autoloader->loadClass('App\\Controllers\\ClientesController')
 4 SYSTEMPATH\CodeIgniter.php(887): class_exists('\\App\\Controllers\\ClientesController', true)
 5 SYSTEMPATH\CodeIgniter.php(496): CodeIgniter\CodeIgniter->startController()
 6 SYSTEMPATH\CodeIgniter.php(355): CodeIgniter\CodeIgniter->handleRequest(null, Object(Config\Cache), false)
 7 SYSTEMPATH\Boot.php(325): CodeIgniter\CodeIgniter->run()
 8 SYSTEMPATH\Boot.php(67): CodeIgniter\Boot::runCodeIgniter(Object(CodeIgniter\CodeIgniter))
 9 FCPATH\index.php(56): CodeIgniter\Boot::bootWeb(Object(Config\Paths))
CRITICAL - 2024-07-31 23:36:09 --> CodeIgniter\View\Exceptions\ViewException: Invalid file: "form_modificar_clientes.php"
[Method: GET, Route: buscar_cliente/2]
in SYSTEMPATH\Exceptions\FrameworkException.php on line 41.
 1 SYSTEMPATH\View\View.php(222): CodeIgniter\Exceptions\FrameworkException::forInvalidFile('form_modificar_clientes.php')
 2 SYSTEMPATH\Common.php(1171): CodeIgniter\View\View->render('form_modificar_clientes', [], true)
 3 APPPATH\Controllers\ClientesController.php(34): view('form_modificar_clientes', [...])
 4 SYSTEMPATH\CodeIgniter.php(933): App\Controllers\ClientesController->buscarCliente('2')
 5 SYSTEMPATH\CodeIgniter.php(509): CodeIgniter\CodeIgniter->runController(Object(App\Controllers\ClientesController))
 6 SYSTEMPATH\CodeIgniter.php(355): CodeIgniter\CodeIgniter->handleRequest(null, Object(Config\Cache), false)
 7 SYSTEMPATH\Boot.php(325): CodeIgniter\CodeIgniter->run()
 8 SYSTEMPATH\Boot.php(67): CodeIgniter\Boot::runCodeIgniter(Object(CodeIgniter\CodeIgniter))
 9 FCPATH\index.php(56): CodeIgniter\Boot::bootWeb(Object(Config\Paths))
CRITICAL - 2024-07-31 23:37:24 --> BadMethodCallException: Call to undefined method App\Models\ClientesModel::firs
[Method: GET, Route: buscar_cliente/2]
in SYSTEMPATH\Model.php on line 932.
 1 APPPATH\Controllers\ClientesController.php(32): CodeIgniter\Model->__call('firs', [])
 2 SYSTEMPATH\CodeIgniter.php(933): App\Controllers\ClientesController->buscarCliente('2')
 3 SYSTEMPATH\CodeIgniter.php(509): CodeIgniter\CodeIgniter->runController(Object(App\Controllers\ClientesController))
 4 SYSTEMPATH\CodeIgniter.php(355): CodeIgniter\CodeIgniter->handleRequest(null, Object(Config\Cache), false)
 5 SYSTEMPATH\Boot.php(325): CodeIgniter\CodeIgniter->run()
 6 SYSTEMPATH\Boot.php(67): CodeIgniter\Boot::runCodeIgniter(Object(CodeIgniter\CodeIgniter))
 7 FCPATH\index.php(56): CodeIgniter\Boot::bootWeb(Object(Config\Paths))
CRITICAL - 2024-07-31 23:40:09 --> ErrorException: Undefined array key "email"
[Method: GET, Route: buscar_cliente/2]
in APPPATH\Views\form_modificar_cliente.php on line 28.
 1 APPPATH\Views\form_modificar_cliente.php(28): CodeIgniter\Debug\Exceptions->errorHandler(2, 'Undefined array key "email"', 'C:\\xampp\\htdocs\\proyectos\\ci4_telefonia\\app\\Views\\form_modificar_cliente.php', 28)
 2 SYSTEMPATH\View\View.php(234): include('C:\\xampp\\htdocs\\proyectos\\ci4_telefonia\\app\\Views\\form_modificar_cliente.php')
 3 SYSTEMPATH\View\View.php(237): CodeIgniter\View\View->CodeIgniter\View\{closure}()
 4 SYSTEMPATH\Common.php(1171): CodeIgniter\View\View->render('form_modificar_cliente', [], true)
 5 APPPATH\Controllers\ClientesController.php(34): view('form_modificar_cliente', [...])
 6 SYSTEMPATH\CodeIgniter.php(933): App\Controllers\ClientesController->buscarCliente('2')
 7 SYSTEMPATH\CodeIgniter.php(509): CodeIgniter\CodeIgniter->runController(Object(App\Controllers\ClientesController))
 8 SYSTEMPATH\CodeIgniter.php(355): CodeIgniter\CodeIgniter->handleRequest(null, Object(Config\Cache), false)
 9 SYSTEMPATH\Boot.php(325): CodeIgniter\CodeIgniter->run()
10 SYSTEMPATH\Boot.php(67): CodeIgniter\Boot::runCodeIgniter(Object(CodeIgniter\CodeIgniter))
11 FCPATH\index.php(56): CodeIgniter\Boot::bootWeb(Object(Config\Paths))
CRITICAL - 2024-07-31 23:44:33 --> BadMethodCallException: Call to undefined method App\Models\ClientesModel::upadate
[Method: POST, Route: modificar_cliente]
in SYSTEMPATH\Model.php on line 932.
 1 APPPATH\Controllers\ClientesController.php(48): CodeIgniter\Model->__call('upadate', [...])
 2 SYSTEMPATH\CodeIgniter.php(933): App\Controllers\ClientesController->modificarCliente()
 3 SYSTEMPATH\CodeIgniter.php(509): CodeIgniter\CodeIgniter->runController(Object(App\Controllers\ClientesController))
 4 SYSTEMPATH\CodeIgniter.php(355): CodeIgniter\CodeIgniter->handleRequest(null, Object(Config\Cache), false)
 5 SYSTEMPATH\Boot.php(325): CodeIgniter\CodeIgniter->run()
 6 SYSTEMPATH\Boot.php(67): CodeIgniter\Boot::runCodeIgniter(Object(CodeIgniter\CodeIgniter))
 7 FCPATH\index.php(56): CodeIgniter\Boot::bootWeb(Object(Config\Paths))
CRITICAL - 2024-07-31 23:46:09 --> BadMethodCallException: Call to undefined method App\Models\ClientesModel::upadate
[Method: POST, Route: modificar_cliente]
in SYSTEMPATH\Model.php on line 932.
 1 APPPATH\Controllers\ClientesController.php(48): CodeIgniter\Model->__call('upadate', [...])
 2 SYSTEMPATH\CodeIgniter.php(933): App\Controllers\ClientesController->modificarCliente()
 3 SYSTEMPATH\CodeIgniter.php(509): CodeIgniter\CodeIgniter->runController(Object(App\Controllers\ClientesController))
 4 SYSTEMPATH\CodeIgniter.php(355): CodeIgniter\CodeIgniter->handleRequest(null, Object(Config\Cache), false)
 5 SYSTEMPATH\Boot.php(325): CodeIgniter\CodeIgniter->run()
 6 SYSTEMPATH\Boot.php(67): CodeIgniter\Boot::runCodeIgniter(Object(CodeIgniter\CodeIgniter))
 7 FCPATH\index.php(56): CodeIgniter\Boot::bootWeb(Object(Config\Paths))
